<?xml version="1.0" encoding="UTF-8"?>
<testsuite name="com.steinko.reactsprinboottutorial.RestfulWebService.TodoConverterTest" tests="4" skipped="1" failures="0" errors="0" timestamp="2022-08-30T11:53:53" hostname="Steins-MacBook-Pro.local" time="0.343">
  <properties/>
  <testcase name="shouldConvertToEntity()" classname="com.steinko.reactsprinboottutorial.RestfulWebService.TodoConverterTest" time="0.245"/>
  <testcase name="shouldDeliverDtos()" classname="com.steinko.reactsprinboottutorial.RestfulWebService.TodoConverterTest" time="0.001">
    <skipped/>
  </testcase>
  <testcase name="shouldExist()" classname="com.steinko.reactsprinboottutorial.RestfulWebService.TodoConverterTest" time="0.001"/>
  <testcase name="shouldDeliverDdo()" classname="com.steinko.reactsprinboottutorial.RestfulWebService.TodoConverterTest" time="0.074"/>
  <system-out><![CDATA[]]></system-out>
  <system-err><![CDATA[]]></system-err>
</testsuite>
