<?xml version="1.0" encoding="UTF-8"?>
<testsuite name="com.steinko.reactsprinboottutorial.RestfulWebService.TodoTest" tests="5" skipped="0" failures="0" errors="0" timestamp="2022-08-30T11:53:54" hostname="Steins-MacBook-Pro.local" time="0.011">
  <properties/>
  <testcase name="shouldGetAUserName()" classname="com.steinko.reactsprinboottutorial.RestfulWebService.TodoTest" time="0.001"/>
  <testcase name="shouldExcists()" classname="com.steinko.reactsprinboottutorial.RestfulWebService.TodoTest" time="0.001"/>
  <testcase name="shouldGetADecripton()" classname="com.steinko.reactsprinboottutorial.RestfulWebService.TodoTest" time="0.0"/>
  <testcase name="shouldGetisDone()" classname="com.steinko.reactsprinboottutorial.RestfulWebService.TodoTest" time="0.004"/>
  <testcase name="shouldGetTheTargetDate()" classname="com.steinko.reactsprinboottutorial.RestfulWebService.TodoTest" time="0.0"/>
  <system-out><![CDATA[]]></system-out>
  <system-err><![CDATA[]]></system-err>
</testsuite>
