<?xml version="1.0" encoding="UTF-8"?>
<testsuite name="com.steinko.reactsprinboottutorial.RestfulWebService.TodoControllerIT" tests="2" skipped="0" failures="0" errors="0" timestamp="2022-08-30T11:54:17" hostname="Steins-MacBook-Pro.local" time="4.324">
  <properties/>
  <testcase name="shouldCreateTodo()" classname="com.steinko.reactsprinboottutorial.RestfulWebService.TodoControllerIT" time="3.087"/>
  <testcase name="shoulReturnTodos()" classname="com.steinko.reactsprinboottutorial.RestfulWebService.TodoControllerIT" time="1.224"/>
  <system-out><![CDATA[2022-08-30 13:54:17.599  INFO 87662 --- [    Test worker] .b.t.c.SpringBootTestContextBootstrapper : Neither @ContextConfiguration nor @ContextHierarchy found for test class [com.steinko.reactsprinboottutorial.RestfulWebService.TodoControllerIT], using SpringBootContextLoader [:] 
 2022-08-30 13:54:17.607  INFO 87662 --- [    Test worker] o.s.t.c.support.AbstractContextLoader    : Could not detect default resource locations for test class [com.steinko.reactsprinboottutorial.RestfulWebService.TodoControllerIT]: no resource found for suffixes {-context.xml, Context.groovy}. [:] 
 2022-08-30 13:54:17.609  INFO 87662 --- [    Test worker] t.c.s.AnnotationConfigContextLoaderUtils : Could not detect default configuration classes for test class [com.steinko.reactsprinboottutorial.RestfulWebService.TodoControllerIT]: TodoControllerIT does not declare any static, non-private, non-final, nested classes annotated with @Configuration. [:] 
 2022-08-30 13:54:17.626  INFO 87662 --- [    Test worker] .b.t.c.SpringBootTestContextBootstrapper : Found @SpringBootConfiguration com.steinko.reactsprinboottutorial.WebService for test class com.steinko.reactsprinboottutorial.RestfulWebService.TodoControllerIT [:] 
 2022-08-30 13:54:17.645  INFO 87662 --- [    Test worker] .b.t.c.SpringBootTestContextBootstrapper : Loaded default TestExecutionListener class names from location [META-INF/spring.factories]: [org.springframework.boot.test.autoconfigure.restdocs.RestDocsTestExecutionListener, org.springframework.boot.test.autoconfigure.web.client.MockRestServiceServerResetTestExecutionListener, org.springframework.boot.test.autoconfigure.web.servlet.MockMvcPrintOnlyOnFailureTestExecutionListener, org.springframework.boot.test.autoconfigure.web.servlet.WebDriverTestExecutionListener, org.springframework.boot.test.autoconfigure.webservices.client.MockWebServiceServerTestExecutionListener, org.springframework.boot.test.mock.mockito.MockitoTestExecutionListener, org.springframework.boot.test.mock.mockito.ResetMocksTestExecutionListener, org.springframework.test.context.web.ServletTestExecutionListener, org.springframework.test.context.support.DirtiesContextBeforeModesTestExecutionListener, org.springframework.test.context.support.DependencyInjectionTestExecutionListener, org.springframework.test.context.support.DirtiesContextTestExecutionListener, org.springframework.test.context.transaction.TransactionalTestExecutionListener, org.springframework.test.context.jdbc.SqlScriptsTestExecutionListener, org.springframework.test.context.event.EventPublishingTestExecutionListener] [:] 
 2022-08-30 13:54:17.646  INFO 87662 --- [    Test worker] .b.t.c.SpringBootTestContextBootstrapper : Using TestExecutionListeners: [org.springframework.test.context.web.ServletTestExecutionListener@4b493d75, org.springframework.test.context.support.DirtiesContextBeforeModesTestExecutionListener@7538cc8c, org.springframework.boot.test.mock.mockito.MockitoTestExecutionListener@34042639, org.springframework.boot.test.autoconfigure.SpringBootDependencyInjectionTestExecutionListener@733a29b9, org.springframework.test.context.support.DirtiesContextTestExecutionListener@719a103e, org.springframework.test.context.transaction.TransactionalTestExecutionListener@42f5ee2d, org.springframework.test.context.jdbc.SqlScriptsTestExecutionListener@57d53da4, org.springframework.test.context.event.EventPublishingTestExecutionListener@7500a106, org.springframework.boot.test.autoconfigure.restdocs.RestDocsTestExecutionListener@54ba4478, org.springframework.boot.test.autoconfigure.web.client.MockRestServiceServerResetTestExecutionListener@39d34c44, org.springframework.boot.test.autoconfigure.web.servlet.MockMvcPrintOnlyOnFailureTestExecutionListener@47157ec7, org.springframework.boot.test.autoconfigure.web.servlet.WebDriverTestExecutionListener@37edefb2, org.springframework.boot.test.autoconfigure.webservices.client.MockWebServiceServerTestExecutionListener@31f2e4b3, org.springframework.boot.test.mock.mockito.ResetMocksTestExecutionListener@12603fa5] [:] 
 2022-08-30 13:54:18.962  INFO 87662 --- [    Test worker] o.a.c.c.C.[Tomcat].[localhost].[/]       : Initializing Spring TestDispatcherServlet '' [:] 
 2022-08-30 13:54:18.971  INFO 87662 --- [    Test worker] o.s.t.web.servlet.TestDispatcherServlet  : Initializing Servlet '' [:] 
 2022-08-30 13:54:19.004  INFO 87662 --- [    Test worker] o.s.t.web.servlet.TestDispatcherServlet  : Completed initialization in 28 ms [:] 
 2022-08-30 13:54:19.081 DEBUG 87662 --- [    Test worker] s.w.s.m.m.a.RequestMappingHandlerMapping : Mapped to com.steinko.reactsprinboottutorial.RestfulWebService.TodoController#createTodo(String, Todo) [:] 
 2022-08-30 13:54:19.308 DEBUG 87662 --- [    Test worker] m.m.a.RequestResponseBodyMethodProcessor : Read "application/json;charset=ISO-8859-1" to [com.steinko.reactsprinboottutorial.RestfulWebService.Todo@655c97da] [:] 
 2022-08-30 13:54:19.711 DEBUG 87662 --- [    Test worker] m.m.a.RequestResponseBodyMethodProcessor : Using 'application/json', given [*/*] and supported [application/json, application/*+json, application/json, application/*+json] [:] 
 2022-08-30 13:54:19.712 DEBUG 87662 --- [    Test worker] m.m.a.RequestResponseBodyMethodProcessor : Writing [1] [:] 
 2022-08-30 13:54:20.401  INFO 87662 --- [    Test worker] o.a.c.c.C.[Tomcat].[localhost].[/]       : Initializing Spring TestDispatcherServlet '' [:] 
 2022-08-30 13:54:20.403  INFO 87662 --- [    Test worker] o.s.t.web.servlet.TestDispatcherServlet  : Initializing Servlet '' [:] 
 2022-08-30 13:54:20.418  INFO 87662 --- [    Test worker] o.s.t.web.servlet.TestDispatcherServlet  : Completed initialization in 15 ms [:] 
 2022-08-30 13:54:20.427 DEBUG 87662 --- [    Test worker] s.w.s.m.m.a.RequestMappingHandlerMapping : Mapped to com.steinko.reactsprinboottutorial.RestfulWebService.TodoController#deleteTodo(String, String) [:] 
 2022-08-30 13:54:20.736 DEBUG 87662 --- [    Test worker] m.m.a.RequestResponseBodyMethodProcessor : Using 'application/json', given [*/*] and supported [application/json, application/*+json, application/json, application/*+json] [:] 
 2022-08-30 13:54:20.739 DEBUG 87662 --- [    Test worker] m.m.a.RequestResponseBodyMethodProcessor : Nothing to write: null body [:] 
 2022-08-30 13:54:20.777  INFO 87662 --- [    Test worker] c.s.r.R.TodoControllerIT                 : Before Get Todos [:] 
 2022-08-30 13:54:20.816  INFO 87662 --- [    Test worker] o.a.c.c.C.[Tomcat].[localhost].[/]       : Initializing Spring TestDispatcherServlet '' [:] 
 2022-08-30 13:54:20.816  INFO 87662 --- [    Test worker] o.s.t.web.servlet.TestDispatcherServlet  : Initializing Servlet '' [:] 
 2022-08-30 13:54:20.825  INFO 87662 --- [    Test worker] o.s.t.web.servlet.TestDispatcherServlet  : Completed initialization in 9 ms [:] 
 2022-08-30 13:54:20.829 DEBUG 87662 --- [    Test worker] s.w.s.m.m.a.RequestMappingHandlerMapping : Mapped to com.steinko.reactsprinboottutorial.RestfulWebService.TodoController#createTodo(String, Todo) [:] 
 2022-08-30 13:54:20.832 DEBUG 87662 --- [    Test worker] m.m.a.RequestResponseBodyMethodProcessor : Read "application/json;charset=ISO-8859-1" to [com.steinko.reactsprinboottutorial.RestfulWebService.Todo@5fe45792] [:] 
 2022-08-30 13:54:20.915 DEBUG 87662 --- [    Test worker] m.m.a.RequestResponseBodyMethodProcessor : Using 'application/json', given [*/*] and supported [application/json, application/*+json, application/json, application/*+json] [:] 
 2022-08-30 13:54:20.916 DEBUG 87662 --- [    Test worker] m.m.a.RequestResponseBodyMethodProcessor : Writing [2] [:] 
 2022-08-30 13:54:20.954  INFO 87662 --- [    Test worker] o.a.c.c.C.[Tomcat].[localhost].[/]       : Initializing Spring TestDispatcherServlet '' [:] 
 2022-08-30 13:54:20.954  INFO 87662 --- [    Test worker] o.s.t.web.servlet.TestDispatcherServlet  : Initializing Servlet '' [:] 
 2022-08-30 13:54:20.959  INFO 87662 --- [    Test worker] o.s.t.web.servlet.TestDispatcherServlet  : Completed initialization in 5 ms [:] 
 2022-08-30 13:54:20.962 DEBUG 87662 --- [    Test worker] s.w.s.m.m.a.RequestMappingHandlerMapping : Mapped to com.steinko.reactsprinboottutorial.RestfulWebService.TodoController#createTodo(String, Todo) [:] 
 2022-08-30 13:54:20.965 DEBUG 87662 --- [    Test worker] m.m.a.RequestResponseBodyMethodProcessor : Read "application/json;charset=ISO-8859-1" to [com.steinko.reactsprinboottutorial.RestfulWebService.Todo@65c5a4bf] [:] 
 2022-08-30 13:54:21.093 DEBUG 87662 --- [    Test worker] m.m.a.RequestResponseBodyMethodProcessor : Using 'application/json', given [*/*] and supported [application/json, application/*+json, application/json, application/*+json] [:] 
 2022-08-30 13:54:21.094 DEBUG 87662 --- [    Test worker] m.m.a.RequestResponseBodyMethodProcessor : Writing [3] [:] 
 2022-08-30 13:54:21.106  INFO 87662 --- [    Test worker] o.a.c.c.C.[Tomcat].[localhost].[/]       : Initializing Spring TestDispatcherServlet '' [:] 
 2022-08-30 13:54:21.106  INFO 87662 --- [    Test worker] o.s.t.web.servlet.TestDispatcherServlet  : Initializing Servlet '' [:] 
 2022-08-30 13:54:21.111  INFO 87662 --- [    Test worker] o.s.t.web.servlet.TestDispatcherServlet  : Completed initialization in 4 ms [:] 
 2022-08-30 13:54:21.116 DEBUG 87662 --- [    Test worker] s.w.s.m.m.a.RequestMappingHandlerMapping : Mapped to com.steinko.reactsprinboottutorial.RestfulWebService.TodoController#getTodos(String) [:] 
 2022-08-30 13:54:21.120  INFO 87662 --- [    Test worker] c.s.r.RestfulWebService.TodoService      : stein [:] 
 2022-08-30 13:54:21.398  INFO 87662 --- [    Test worker] c.s.r.RestfulWebService.TodoService      : stein [:] 
 2022-08-30 13:54:21.399  INFO 87662 --- [    Test worker] c.s.r.RestfulWebService.TodoService      : Fix mutter [:] 
 2022-08-30 13:54:21.399  INFO 87662 --- [    Test worker] c.s.r.RestfulWebService.TodoService      : stein [:] 
 2022-08-30 13:54:21.399  INFO 87662 --- [    Test worker] c.s.r.RestfulWebService.TodoService      : Fix kajakk [:] 
 2022-08-30 13:54:21.416  INFO 87662 --- [    Test worker] c.s.r.RestfulWebService.TodoController   : stein [:] 
 2022-08-30 13:54:21.416  INFO 87662 --- [    Test worker] c.s.r.RestfulWebService.TodoController   : Fix mutter [:] 
 2022-08-30 13:54:21.416  INFO 87662 --- [    Test worker] c.s.r.RestfulWebService.TodoController   : stein [:] 
 2022-08-30 13:54:21.416  INFO 87662 --- [    Test worker] c.s.r.RestfulWebService.TodoController   : Fix kajakk [:] 
 2022-08-30 13:54:21.428 DEBUG 87662 --- [    Test worker] m.m.a.RequestResponseBodyMethodProcessor : Using 'application/json', given [*/*] and supported [application/json, application/*+json, application/json, application/*+json] [:] 
 2022-08-30 13:54:21.429 DEBUG 87662 --- [    Test worker] m.m.a.RequestResponseBodyMethodProcessor : Writing [[com.steinko.reactsprinboottutorial.RestfulWebService.Todo@1eabf6ae, com.steinko.reactsprinboottutor (truncated)...] [:] 
 2022-08-30 13:54:21.833  INFO 87662 --- [    Test worker] o.a.c.c.C.[Tomcat].[localhost].[/]       : Initializing Spring TestDispatcherServlet '' [:] 
 2022-08-30 13:54:21.834  INFO 87662 --- [    Test worker] o.s.t.web.servlet.TestDispatcherServlet  : Initializing Servlet '' [:] 
 2022-08-30 13:54:21.841  INFO 87662 --- [    Test worker] o.s.t.web.servlet.TestDispatcherServlet  : Completed initialization in 7 ms [:] 
 2022-08-30 13:54:21.846 DEBUG 87662 --- [    Test worker] s.w.s.m.m.a.RequestMappingHandlerMapping : Mapped to com.steinko.reactsprinboottutorial.RestfulWebService.TodoController#deleteTodo(String, String) [:] 
 2022-08-30 13:54:21.907 DEBUG 87662 --- [    Test worker] m.m.a.RequestResponseBodyMethodProcessor : Using 'application/json', given [*/*] and supported [application/json, application/*+json, application/json, application/*+json] [:] 
 2022-08-30 13:54:21.907 DEBUG 87662 --- [    Test worker] m.m.a.RequestResponseBodyMethodProcessor : Nothing to write: null body [:] 
 2022-08-30 13:54:21.914  INFO 87662 --- [    Test worker] o.a.c.c.C.[Tomcat].[localhost].[/]       : Initializing Spring TestDispatcherServlet '' [:] 
 2022-08-30 13:54:21.915  INFO 87662 --- [    Test worker] o.s.t.web.servlet.TestDispatcherServlet  : Initializing Servlet '' [:] 
 2022-08-30 13:54:21.919  INFO 87662 --- [    Test worker] o.s.t.web.servlet.TestDispatcherServlet  : Completed initialization in 4 ms [:] 
 2022-08-30 13:54:21.923 DEBUG 87662 --- [    Test worker] s.w.s.m.m.a.RequestMappingHandlerMapping : Mapped to com.steinko.reactsprinboottutorial.RestfulWebService.TodoController#deleteTodo(String, String) [:] 
 2022-08-30 13:54:21.980 DEBUG 87662 --- [    Test worker] m.m.a.RequestResponseBodyMethodProcessor : Using 'application/json', given [*/*] and supported [application/json, application/*+json, application/json, application/*+json] [:] 
 2022-08-30 13:54:21.981 DEBUG 87662 --- [    Test worker] m.m.a.RequestResponseBodyMethodProcessor : Nothing to write: null body [:] 
 ]]></system-out>
  <system-err><![CDATA[]]></system-err>
</testsuite>
