<?xml version="1.0" encoding="UTF-8"?>
<testsuite name="com.steinko.reactsprinboottutorial.RestfulWebService.HelloWorldControllerIT" tests="1" skipped="0" failures="0" errors="0" timestamp="2022-08-30T11:54:16" hostname="Steins-MacBook-Pro.local" time="1.343">
  <properties/>
  <testcase name="shouldConnect()" classname="com.steinko.reactsprinboottutorial.RestfulWebService.HelloWorldControllerIT" time="1.343"/>
  <system-out><![CDATA[13:53:58.304 [Test worker] DEBUG org.springframework.test.context.BootstrapUtils - Instantiating CacheAwareContextLoaderDelegate from class [org.springframework.test.context.cache.DefaultCacheAwareContextLoaderDelegate]
13:53:58.361 [Test worker] DEBUG org.springframework.test.context.BootstrapUtils - Instantiating BootstrapContext using constructor [public org.springframework.test.context.support.DefaultBootstrapContext(java.lang.Class,org.springframework.test.context.CacheAwareContextLoaderDelegate)]
13:53:58.528 [Test worker] DEBUG org.springframework.test.context.BootstrapUtils - Instantiating TestContextBootstrapper for test class [com.steinko.reactsprinboottutorial.RestfulWebService.HelloWorldControllerIT] from class [org.springframework.boot.test.context.SpringBootTestContextBootstrapper]
13:53:58.602 [Test worker] INFO org.springframework.boot.test.context.SpringBootTestContextBootstrapper - Neither @ContextConfiguration nor @ContextHierarchy found for test class [com.steinko.reactsprinboottutorial.RestfulWebService.HelloWorldControllerIT], using SpringBootContextLoader
13:53:58.615 [Test worker] DEBUG org.springframework.test.context.support.AbstractContextLoader - Did not detect default resource location for test class [com.steinko.reactsprinboottutorial.RestfulWebService.HelloWorldControllerIT]: class path resource [com/steinko/reactsprinboottutorial/RestfulWebService/HelloWorldControllerIT-context.xml] does not exist
13:53:58.617 [Test worker] DEBUG org.springframework.test.context.support.AbstractContextLoader - Did not detect default resource location for test class [com.steinko.reactsprinboottutorial.RestfulWebService.HelloWorldControllerIT]: class path resource [com/steinko/reactsprinboottutorial/RestfulWebService/HelloWorldControllerITContext.groovy] does not exist
13:53:58.618 [Test worker] INFO org.springframework.test.context.support.AbstractContextLoader - Could not detect default resource locations for test class [com.steinko.reactsprinboottutorial.RestfulWebService.HelloWorldControllerIT]: no resource found for suffixes {-context.xml, Context.groovy}.
13:53:58.620 [Test worker] INFO org.springframework.test.context.support.AnnotationConfigContextLoaderUtils - Could not detect default configuration classes for test class [com.steinko.reactsprinboottutorial.RestfulWebService.HelloWorldControllerIT]: HelloWorldControllerIT does not declare any static, non-private, non-final, nested classes annotated with @Configuration.
13:53:58.742 [Test worker] DEBUG org.springframework.test.context.support.ActiveProfilesUtils - Could not find an 'annotation declaring class' for annotation type [org.springframework.test.context.ActiveProfiles] and class [com.steinko.reactsprinboottutorial.RestfulWebService.HelloWorldControllerIT]
13:53:59.094 [Test worker] DEBUG org.springframework.context.annotation.ClassPathScanningCandidateComponentProvider - Identified candidate component class: file [/Users/steinko/development/todo/todofrontend/backend/build/classes/java/main/com/steinko/reactsprinboottutorial/WebService.class]
13:53:59.099 [Test worker] INFO org.springframework.boot.test.context.SpringBootTestContextBootstrapper - Found @SpringBootConfiguration com.steinko.reactsprinboottutorial.WebService for test class com.steinko.reactsprinboottutorial.RestfulWebService.HelloWorldControllerIT
13:53:59.320 [Test worker] DEBUG org.springframework.boot.test.context.SpringBootTestContextBootstrapper - @TestExecutionListeners is not present for class [com.steinko.reactsprinboottutorial.RestfulWebService.HelloWorldControllerIT]: using defaults.
13:53:59.322 [Test worker] INFO org.springframework.boot.test.context.SpringBootTestContextBootstrapper - Loaded default TestExecutionListener class names from location [META-INF/spring.factories]: [org.springframework.boot.test.autoconfigure.restdocs.RestDocsTestExecutionListener, org.springframework.boot.test.autoconfigure.web.client.MockRestServiceServerResetTestExecutionListener, org.springframework.boot.test.autoconfigure.web.servlet.MockMvcPrintOnlyOnFailureTestExecutionListener, org.springframework.boot.test.autoconfigure.web.servlet.WebDriverTestExecutionListener, org.springframework.boot.test.autoconfigure.webservices.client.MockWebServiceServerTestExecutionListener, org.springframework.boot.test.mock.mockito.MockitoTestExecutionListener, org.springframework.boot.test.mock.mockito.ResetMocksTestExecutionListener, org.springframework.test.context.web.ServletTestExecutionListener, org.springframework.test.context.support.DirtiesContextBeforeModesTestExecutionListener, org.springframework.test.context.support.DependencyInjectionTestExecutionListener, org.springframework.test.context.support.DirtiesContextTestExecutionListener, org.springframework.test.context.transaction.TransactionalTestExecutionListener, org.springframework.test.context.jdbc.SqlScriptsTestExecutionListener, org.springframework.test.context.event.EventPublishingTestExecutionListener]
13:53:59.354 [Test worker] INFO org.springframework.boot.test.context.SpringBootTestContextBootstrapper - Using TestExecutionListeners: [org.springframework.test.context.web.ServletTestExecutionListener@8cc8cdb, org.springframework.test.context.support.DirtiesContextBeforeModesTestExecutionListener@1e236278, org.springframework.boot.test.mock.mockito.MockitoTestExecutionListener@44fff386, org.springframework.boot.test.autoconfigure.SpringBootDependencyInjectionTestExecutionListener@1fc713c9, org.springframework.test.context.support.DirtiesContextTestExecutionListener@7301eebe, org.springframework.test.context.transaction.TransactionalTestExecutionListener@76b47204, org.springframework.test.context.jdbc.SqlScriptsTestExecutionListener@4d6ccc97, org.springframework.test.context.event.EventPublishingTestExecutionListener@6a12c7a8, org.springframework.boot.test.autoconfigure.restdocs.RestDocsTestExecutionListener@161aa04a, org.springframework.boot.test.autoconfigure.web.client.MockRestServiceServerResetTestExecutionListener@436bd4df, org.springframework.boot.test.autoconfigure.web.servlet.MockMvcPrintOnlyOnFailureTestExecutionListener@6848a051, org.springframework.boot.test.autoconfigure.web.servlet.WebDriverTestExecutionListener@149b0577, org.springframework.boot.test.autoconfigure.webservices.client.MockWebServiceServerTestExecutionListener@5740ff5e, org.springframework.boot.test.mock.mockito.ResetMocksTestExecutionListener@4a901445]
13:53:59.364 [Test worker] DEBUG org.springframework.test.context.support.AbstractDirtiesContextTestExecutionListener - Before test class: context [DefaultTestContext@4d1ff6b1 testClass = HelloWorldControllerIT, testInstance = [null], testMethod = [null], testException = [null], mergedContextConfiguration = [WebMergedContextConfiguration@45f756e6 testClass = HelloWorldControllerIT, locations = '{}', classes = '{class com.steinko.reactsprinboottutorial.WebService}', contextInitializerClasses = '[]', activeProfiles = '{}', propertySourceLocations = '{}', propertySourceProperties = '{org.springframework.boot.test.context.SpringBootTestContextBootstrapper=true, server.port=0}', contextCustomizers = set[org.springframework.boot.test.autoconfigure.properties.PropertyMappingContextCustomizer@0, org.springframework.boot.test.autoconfigure.web.servlet.WebDriverContextCustomizerFactory$Customizer@4682eba5, org.springframework.boot.test.context.filter.ExcludeFilterContextCustomizer@34e20e6b, org.springframework.boot.test.json.DuplicateJsonObjectContextCustomizerFactory$DuplicateJsonObjectContextCustomizer@4a8df3e2, org.springframework.boot.test.mock.mockito.MockitoContextCustomizer@0, org.springframework.boot.test.web.client.TestRestTemplateContextCustomizer@2ca5f1ed, org.springframework.boot.test.context.SpringBootTestArgs@1], resourceBasePath = 'src/main/webapp', contextLoader = 'org.springframework.boot.test.context.SpringBootContextLoader', parent = [null]], attributes = map['org.springframework.test.context.web.ServletTestExecutionListener.activateListener' -> false]], class annotated with @DirtiesContext [false] with mode [null].
13:53:59.388 [Test worker] DEBUG org.springframework.test.context.support.DependencyInjectionTestExecutionListener - Performing dependency injection for test context [[DefaultTestContext@4d1ff6b1 testClass = HelloWorldControllerIT, testInstance = com.steinko.reactsprinboottutorial.RestfulWebService.HelloWorldControllerIT@76a14c8d, testMethod = [null], testException = [null], mergedContextConfiguration = [WebMergedContextConfiguration@45f756e6 testClass = HelloWorldControllerIT, locations = '{}', classes = '{class com.steinko.reactsprinboottutorial.WebService}', contextInitializerClasses = '[]', activeProfiles = '{}', propertySourceLocations = '{}', propertySourceProperties = '{org.springframework.boot.test.context.SpringBootTestContextBootstrapper=true, server.port=0}', contextCustomizers = set[org.springframework.boot.test.autoconfigure.properties.PropertyMappingContextCustomizer@0, org.springframework.boot.test.autoconfigure.web.servlet.WebDriverContextCustomizerFactory$Customizer@4682eba5, org.springframework.boot.test.context.filter.ExcludeFilterContextCustomizer@34e20e6b, org.springframework.boot.test.json.DuplicateJsonObjectContextCustomizerFactory$DuplicateJsonObjectContextCustomizer@4a8df3e2, org.springframework.boot.test.mock.mockito.MockitoContextCustomizer@0, org.springframework.boot.test.web.client.TestRestTemplateContextCustomizer@2ca5f1ed, org.springframework.boot.test.context.SpringBootTestArgs@1], resourceBasePath = 'src/main/webapp', contextLoader = 'org.springframework.boot.test.context.SpringBootContextLoader', parent = [null]], attributes = map['org.springframework.test.context.web.ServletTestExecutionListener.activateListener' -> false]]].
13:53:59.455 [Test worker] DEBUG org.springframework.test.context.support.TestPropertySourceUtils - Adding inlined properties to environment: {spring.jmx.enabled=false, org.springframework.boot.test.context.SpringBootTestContextBootstrapper=true, server.port=0}

  .   ____          _            __ _ _
 /\\ / ___'_ __ _ _(_)_ __  __ _ \ \ \ \
( ( )\___ | '_ | '_| | '_ \/ _` | \ \ \ \
 \\/  ___)| |_)| | | | | || (_| |  ) ) ) )
  '  |____| .__|_| |_|_| |_\__, | / / / /
 =========|_|==============|___/=/_/_/_/
 :: Spring Boot ::        (v2.3.3.RELEASE)

2022-08-30 13:54:00.443  INFO 87662 --- [    Test worker] c.s.r.R.HelloWorldControllerIT           : Starting HelloWorldControllerIT on Steins-MacBook-Pro.local with PID 87662 (started by steinko in /Users/steinko/development/todo/todofrontend/backend) [:] 
 2022-08-30 13:54:00.447  INFO 87662 --- [    Test worker] c.s.r.R.HelloWorldControllerIT           : The following profiles are active: dev [:] 
 2022-08-30 13:54:03.586  INFO 87662 --- [    Test worker] .s.d.r.c.RepositoryConfigurationDelegate : Bootstrapping Spring Data JPA repositories in DEFERRED mode. [:] 
 2022-08-30 13:54:03.790  INFO 87662 --- [    Test worker] .s.d.r.c.RepositoryConfigurationDelegate : Finished Spring Data repository scanning in 185ms. Found 1 JPA repository interfaces. [:] 
 2022-08-30 13:54:06.380  INFO 87662 --- [    Test worker] o.s.b.w.embedded.tomcat.TomcatWebServer  : Tomcat initialized with port(s): 0 (http) [:] 
 2022-08-30 13:54:06.415  INFO 87662 --- [    Test worker] o.apache.catalina.core.StandardService   : Starting service [Tomcat] [:] 
 2022-08-30 13:54:06.416  INFO 87662 --- [    Test worker] org.apache.catalina.core.StandardEngine  : Starting Servlet engine: [Apache Tomcat/9.0.37] [:] 
 2022-08-30 13:54:06.651  INFO 87662 --- [    Test worker] o.a.c.c.C.[Tomcat].[localhost].[/]       : Initializing Spring embedded WebApplicationContext [:] 
 2022-08-30 13:54:06.652  INFO 87662 --- [    Test worker] w.s.c.ServletWebServerApplicationContext : Root WebApplicationContext: initialization completed in 5212 ms [:] 
 2022-08-30 13:54:06.852 DEBUG 87662 --- [    Test worker] o.s.b.w.s.ServletContextInitializerBeans : Mapping filters: characterEncodingFilter urls=[/*] order=-2147483648, formContentFilter urls=[/*] order=-9900, requestContextFilter urls=[/*] order=-105 [:] 
 2022-08-30 13:54:06.855 DEBUG 87662 --- [    Test worker] o.s.b.w.s.ServletContextInitializerBeans : Mapping servlets: dispatcherServlet urls=[/] [:] 
 2022-08-30 13:54:07.513  INFO 87662 --- [    Test worker] o.s.s.concurrent.ThreadPoolTaskExecutor  : Initializing ExecutorService 'applicationTaskExecutor' [:] 
 2022-08-30 13:54:07.683  INFO 87662 --- [         task-1] o.hibernate.jpa.internal.util.LogHelper  : HHH000204: Processing PersistenceUnitInfo [name: default] [:] 
 2022-08-30 13:54:07.810  INFO 87662 --- [         task-1] org.hibernate.Version                    : HHH000412: Hibernate ORM core version 5.4.20.Final [:] 
 2022-08-30 13:54:08.258  WARN 87662 --- [    Test worker] JpaBaseConfiguration$JpaWebConfiguration : spring.jpa.open-in-view is enabled by default. Therefore, database queries may be performed during view rendering. Explicitly configure spring.jpa.open-in-view to disable this warning [:] 
 2022-08-30 13:54:08.283  INFO 87662 --- [         task-1] o.hibernate.annotations.common.Version   : HCANN000001: Hibernate Commons Annotations {5.1.0.Final} [:] 
 2022-08-30 13:54:08.696  INFO 87662 --- [         task-1] com.zaxxer.hikari.HikariDataSource       : HikariPool-1 - Starting... [:] 
 2022-08-30 13:54:10.321 DEBUG 87662 --- [    Test worker] s.w.s.m.m.a.RequestMappingHandlerAdapter : ControllerAdvice beans: 0 @ModelAttribute, 0 @InitBinder, 1 RequestBodyAdvice, 1 ResponseBodyAdvice [:] 
 2022-08-30 13:54:10.771 DEBUG 87662 --- [    Test worker] s.w.s.m.m.a.RequestMappingHandlerMapping : 8 mappings in 'requestMappingHandlerMapping' [:] 
 2022-08-30 13:54:11.150 DEBUG 87662 --- [    Test worker] o.s.w.s.handler.SimpleUrlHandlerMapping  : Patterns [/webjars/**, /**] in 'resourceHandlerMapping' [:] 
 2022-08-30 13:54:11.201 DEBUG 87662 --- [    Test worker] .m.m.a.ExceptionHandlerExceptionResolver : ControllerAdvice beans: 1 @ExceptionHandler, 1 ResponseBodyAdvice [:] 
 2022-08-30 13:54:11.254  INFO 87662 --- [         task-1] com.zaxxer.hikari.HikariDataSource       : HikariPool-1 - Start completed. [:] 
 2022-08-30 13:54:11.325  INFO 87662 --- [         task-1] org.hibernate.dialect.Dialect            : HHH000400: Using dialect: org.hibernate.dialect.PostgreSQLDialect [:] 
 2022-08-30 13:54:13.318  INFO 87662 --- [    Test worker] o.s.b.w.embedded.tomcat.TomcatWebServer  : Tomcat started on port(s): 59873 (http) with context path '' [:] 
 2022-08-30 13:54:13.360  INFO 87662 --- [    Test worker] DeferredRepositoryInitializationListener : Triggering deferred initialization of Spring Data repositories… [:] 
 2022-08-30 13:54:14.915  WARN 87662 --- [         task-1] o.h.engine.jdbc.spi.SqlExceptionHelper   : SQL Warning Code: 0, SQLState: 00000 [:] 
 2022-08-30 13:54:14.919  WARN 87662 --- [         task-1] o.h.engine.jdbc.spi.SqlExceptionHelper   : table "todo" does not exist, skipping [:] 
 2022-08-30 13:54:14.937  WARN 87662 --- [         task-1] o.h.engine.jdbc.spi.SqlExceptionHelper   : SQL Warning Code: 0, SQLState: 00000 [:] 
 2022-08-30 13:54:14.938  WARN 87662 --- [         task-1] o.h.engine.jdbc.spi.SqlExceptionHelper   : sequence "hibernate_sequence" does not exist, skipping [:] 
 2022-08-30 13:54:15.111  INFO 87662 --- [         task-1] o.h.e.t.j.p.i.JtaPlatformInitiator       : HHH000490: Using JtaPlatform implementation: [org.hibernate.engine.transaction.jta.platform.internal.NoJtaPlatform] [:] 
 2022-08-30 13:54:15.171  INFO 87662 --- [         task-1] j.LocalContainerEntityManagerFactoryBean : Initialized JPA EntityManagerFactory for persistence unit 'default' [:] 
 2022-08-30 13:54:16.067  INFO 87662 --- [    Test worker] DeferredRepositoryInitializationListener : Spring Data repositories initialized! [:] 
 2022-08-30 13:54:16.107  INFO 87662 --- [    Test worker] c.s.r.R.HelloWorldControllerIT           : Started HelloWorldControllerIT in 16.636 seconds (JVM running for 20.986) [:] 
 2022-08-30 13:54:16.863 DEBUG 87662 --- [    Test worker] o.s.web.client.RestTemplate              : HTTP GET http://localhost:59873/hello-world [:] 
 2022-08-30 13:54:16.877 DEBUG 87662 --- [    Test worker] o.s.web.client.RestTemplate              : Accept=[text/plain, application/json, application/*+json, */*] [:] 
 2022-08-30 13:54:17.066  INFO 87662 --- [o-auto-1-exec-1] o.a.c.c.C.[Tomcat].[localhost].[/]       : Initializing Spring DispatcherServlet 'dispatcherServlet' [:] 
 2022-08-30 13:54:17.068  INFO 87662 --- [o-auto-1-exec-1] o.s.web.servlet.DispatcherServlet        : Initializing Servlet 'dispatcherServlet' [:] 
 2022-08-30 13:54:17.075 DEBUG 87662 --- [o-auto-1-exec-1] o.s.web.servlet.DispatcherServlet        : Detected StandardServletMultipartResolver [:] 
 2022-08-30 13:54:17.302 DEBUG 87662 --- [o-auto-1-exec-1] o.s.web.servlet.DispatcherServlet        : enableLoggingRequestDetails='false': request parameters and headers will be masked to prevent unsafe logging of potentially sensitive data [:] 
 2022-08-30 13:54:17.311  INFO 87662 --- [o-auto-1-exec-1] o.s.web.servlet.DispatcherServlet        : Completed initialization in 237 ms [:] 
 2022-08-30 13:54:17.353 DEBUG 87662 --- [o-auto-1-exec-1] o.s.web.servlet.DispatcherServlet        : GET "/hello-world", parameters={} [:] 
 2022-08-30 13:54:17.364 DEBUG 87662 --- [o-auto-1-exec-1] s.w.s.m.m.a.RequestMappingHandlerMapping : Mapped to com.steinko.reactsprinboottutorial.RestfulWebService.HelloWorldController#helloWorld() [:] 
 2022-08-30 13:54:17.403  INFO 87662 --- [o-auto-1-exec-1] c.s.r.R.HelloWorldController             : Hello World [:] 
 2022-08-30 13:54:17.418 DEBUG 87662 --- [o-auto-1-exec-1] m.m.a.RequestResponseBodyMethodProcessor : Using 'text/plain', given [text/plain, application/json, application/*+json, */*] and supported [text/plain, */*, text/plain, */*, application/json, application/*+json, application/json, application/*+json] [:] 
 2022-08-30 13:54:17.421 DEBUG 87662 --- [o-auto-1-exec-1] m.m.a.RequestResponseBodyMethodProcessor : Writing ["Hello World"] [:] 
 2022-08-30 13:54:17.459 DEBUG 87662 --- [o-auto-1-exec-1] o.s.web.servlet.DispatcherServlet        : Completed 200 OK [:] 
 2022-08-30 13:54:17.473 DEBUG 87662 --- [    Test worker] o.s.web.client.RestTemplate              : Response 200 OK [:] 
 2022-08-30 13:54:17.476 DEBUG 87662 --- [    Test worker] o.s.web.client.RestTemplate              : Reading to [java.lang.String] as "text/plain;charset=UTF-8" [:] 
 ]]></system-out>
  <system-err><![CDATA[]]></system-err>
</testsuite>
