<?xml version="1.0" encoding="UTF-8"?>
<testsuite name="com.steinko.reactsprinboottutorial.RestfulWebService.WebApplicationContextTest" tests="2" skipped="0" failures="0" errors="0" timestamp="2022-08-30T11:54:22" hostname="Steins-MacBook-Pro.local" time="0.025">
  <properties/>
  <testcase name="shouldLoadToDoService()" classname="com.steinko.reactsprinboottutorial.RestfulWebService.WebApplicationContextTest" time="0.007"/>
  <testcase name="shouldLoadToDoControlle()" classname="com.steinko.reactsprinboottutorial.RestfulWebService.WebApplicationContextTest" time="0.013"/>
  <system-out><![CDATA[2022-08-30 13:54:22.798  INFO 87662 --- [    Test worker] .b.t.c.SpringBootTestContextBootstrapper : Neither @ContextConfiguration nor @ContextHierarchy found for test class [com.steinko.reactsprinboottutorial.RestfulWebService.WebApplicationContextTest], using SpringBootContextLoader [:] 
 2022-08-30 13:54:22.807  INFO 87662 --- [    Test worker] o.s.t.c.support.AbstractContextLoader    : Could not detect default resource locations for test class [com.steinko.reactsprinboottutorial.RestfulWebService.WebApplicationContextTest]: no resource found for suffixes {-context.xml, Context.groovy}. [:] 
 2022-08-30 13:54:22.809  INFO 87662 --- [    Test worker] t.c.s.AnnotationConfigContextLoaderUtils : Could not detect default configuration classes for test class [com.steinko.reactsprinboottutorial.RestfulWebService.WebApplicationContextTest]: WebApplicationContextTest does not declare any static, non-private, non-final, nested classes annotated with @Configuration. [:] 
 2022-08-30 13:54:22.811  INFO 87662 --- [    Test worker] .b.t.c.SpringBootTestContextBootstrapper : Found @SpringBootConfiguration com.steinko.reactsprinboottutorial.WebService for test class com.steinko.reactsprinboottutorial.RestfulWebService.WebApplicationContextTest [:] 
 2022-08-30 13:54:22.815  INFO 87662 --- [    Test worker] .b.t.c.SpringBootTestContextBootstrapper : Loaded default TestExecutionListener class names from location [META-INF/spring.factories]: [org.springframework.boot.test.autoconfigure.restdocs.RestDocsTestExecutionListener, org.springframework.boot.test.autoconfigure.web.client.MockRestServiceServerResetTestExecutionListener, org.springframework.boot.test.autoconfigure.web.servlet.MockMvcPrintOnlyOnFailureTestExecutionListener, org.springframework.boot.test.autoconfigure.web.servlet.WebDriverTestExecutionListener, org.springframework.boot.test.autoconfigure.webservices.client.MockWebServiceServerTestExecutionListener, org.springframework.boot.test.mock.mockito.MockitoTestExecutionListener, org.springframework.boot.test.mock.mockito.ResetMocksTestExecutionListener, org.springframework.test.context.web.ServletTestExecutionListener, org.springframework.test.context.support.DirtiesContextBeforeModesTestExecutionListener, org.springframework.test.context.support.DependencyInjectionTestExecutionListener, org.springframework.test.context.support.DirtiesContextTestExecutionListener, org.springframework.test.context.transaction.TransactionalTestExecutionListener, org.springframework.test.context.jdbc.SqlScriptsTestExecutionListener, org.springframework.test.context.event.EventPublishingTestExecutionListener] [:] 
 2022-08-30 13:54:22.817  INFO 87662 --- [    Test worker] .b.t.c.SpringBootTestContextBootstrapper : Using TestExecutionListeners: [org.springframework.test.context.web.ServletTestExecutionListener@81c63c4, org.springframework.test.context.support.DirtiesContextBeforeModesTestExecutionListener@53f9d811, org.springframework.boot.test.mock.mockito.MockitoTestExecutionListener@3057effe, org.springframework.boot.test.autoconfigure.SpringBootDependencyInjectionTestExecutionListener@25417c7c, org.springframework.test.context.support.DirtiesContextTestExecutionListener@4ea83953, org.springframework.test.context.transaction.TransactionalTestExecutionListener@538c49c7, org.springframework.test.context.jdbc.SqlScriptsTestExecutionListener@5cab6457, org.springframework.test.context.event.EventPublishingTestExecutionListener@72274122, org.springframework.boot.test.autoconfigure.restdocs.RestDocsTestExecutionListener@7dca9c94, org.springframework.boot.test.autoconfigure.web.client.MockRestServiceServerResetTestExecutionListener@4cb9209b, org.springframework.boot.test.autoconfigure.web.servlet.MockMvcPrintOnlyOnFailureTestExecutionListener@4bb76c87, org.springframework.boot.test.autoconfigure.web.servlet.WebDriverTestExecutionListener@3511a82, org.springframework.boot.test.autoconfigure.webservices.client.MockWebServiceServerTestExecutionListener@2a561840, org.springframework.boot.test.mock.mockito.ResetMocksTestExecutionListener@2fee4869] [:] 
 ]]></system-out>
  <system-err><![CDATA[]]></system-err>
</testsuite>
