<?xml version="1.0" encoding="UTF-8"?>
<testsuite name="com.steinko.reactsprinboottutorial.RestfulWebService.TodoRepositoryIT" tests="4" skipped="0" failures="0" errors="0" timestamp="2022-08-30T11:54:22" hostname="Steins-MacBook-Pro.local" time="0.717">
  <properties/>
  <testcase name="shouldDelete()" classname="com.steinko.reactsprinboottutorial.RestfulWebService.TodoRepositoryIT" time="0.261"/>
  <testcase name="shouldFind()" classname="com.steinko.reactsprinboottutorial.RestfulWebService.TodoRepositoryIT" time="0.157"/>
  <testcase name="shouldSave()" classname="com.steinko.reactsprinboottutorial.RestfulWebService.TodoRepositoryIT" time="0.273"/>
  <testcase name="shouldNotBeNull()" classname="com.steinko.reactsprinboottutorial.RestfulWebService.TodoRepositoryIT" time="0.008"/>
  <system-out><![CDATA[2022-08-30 13:54:22.017  INFO 87662 --- [    Test worker] .b.t.c.SpringBootTestContextBootstrapper : Neither @ContextConfiguration nor @ContextHierarchy found for test class [com.steinko.reactsprinboottutorial.RestfulWebService.TodoRepositoryIT], using SpringBootContextLoader [:] 
 2022-08-30 13:54:22.024  INFO 87662 --- [    Test worker] o.s.t.c.support.AbstractContextLoader    : Could not detect default resource locations for test class [com.steinko.reactsprinboottutorial.RestfulWebService.TodoRepositoryIT]: no resource found for suffixes {-context.xml, Context.groovy}. [:] 
 2022-08-30 13:54:22.027  INFO 87662 --- [    Test worker] t.c.s.AnnotationConfigContextLoaderUtils : Could not detect default configuration classes for test class [com.steinko.reactsprinboottutorial.RestfulWebService.TodoRepositoryIT]: TodoRepositoryIT does not declare any static, non-private, non-final, nested classes annotated with @Configuration. [:] 
 2022-08-30 13:54:22.034  INFO 87662 --- [    Test worker] .b.t.c.SpringBootTestContextBootstrapper : Found @SpringBootConfiguration com.steinko.reactsprinboottutorial.WebService for test class com.steinko.reactsprinboottutorial.RestfulWebService.TodoRepositoryIT [:] 
 2022-08-30 13:54:22.048  INFO 87662 --- [    Test worker] .b.t.c.SpringBootTestContextBootstrapper : Loaded default TestExecutionListener class names from location [META-INF/spring.factories]: [org.springframework.boot.test.autoconfigure.restdocs.RestDocsTestExecutionListener, org.springframework.boot.test.autoconfigure.web.client.MockRestServiceServerResetTestExecutionListener, org.springframework.boot.test.autoconfigure.web.servlet.MockMvcPrintOnlyOnFailureTestExecutionListener, org.springframework.boot.test.autoconfigure.web.servlet.WebDriverTestExecutionListener, org.springframework.boot.test.autoconfigure.webservices.client.MockWebServiceServerTestExecutionListener, org.springframework.boot.test.mock.mockito.MockitoTestExecutionListener, org.springframework.boot.test.mock.mockito.ResetMocksTestExecutionListener, org.springframework.test.context.web.ServletTestExecutionListener, org.springframework.test.context.support.DirtiesContextBeforeModesTestExecutionListener, org.springframework.test.context.support.DependencyInjectionTestExecutionListener, org.springframework.test.context.support.DirtiesContextTestExecutionListener, org.springframework.test.context.transaction.TransactionalTestExecutionListener, org.springframework.test.context.jdbc.SqlScriptsTestExecutionListener, org.springframework.test.context.event.EventPublishingTestExecutionListener] [:] 
 2022-08-30 13:54:22.049  INFO 87662 --- [    Test worker] .b.t.c.SpringBootTestContextBootstrapper : Using TestExecutionListeners: [org.springframework.test.context.web.ServletTestExecutionListener@7f736bab, org.springframework.test.context.support.DirtiesContextBeforeModesTestExecutionListener@31ebb7c7, org.springframework.boot.test.mock.mockito.MockitoTestExecutionListener@770f8c86, org.springframework.boot.test.autoconfigure.SpringBootDependencyInjectionTestExecutionListener@1aa3c280, org.springframework.test.context.support.DirtiesContextTestExecutionListener@7e69cc4c, org.springframework.test.context.transaction.TransactionalTestExecutionListener@12d019c9, org.springframework.test.context.jdbc.SqlScriptsTestExecutionListener@1930dca9, org.springframework.test.context.event.EventPublishingTestExecutionListener@1d03aacd, org.springframework.boot.test.autoconfigure.restdocs.RestDocsTestExecutionListener@2d381e8d, org.springframework.boot.test.autoconfigure.web.client.MockRestServiceServerResetTestExecutionListener@3f3444b2, org.springframework.boot.test.autoconfigure.web.servlet.MockMvcPrintOnlyOnFailureTestExecutionListener@207e1269, org.springframework.boot.test.autoconfigure.web.servlet.WebDriverTestExecutionListener@20ab8169, org.springframework.boot.test.autoconfigure.webservices.client.MockWebServiceServerTestExecutionListener@4d0a2f87, org.springframework.boot.test.mock.mockito.ResetMocksTestExecutionListener@5006f340] [:] 
 ]]></system-out>
  <system-err><![CDATA[]]></system-err>
</testsuite>
