<?xml version="1.0" encoding="UTF-8"?>
<testsuite name="com.steinko.reactsprinboottutorial.RestfulWebService.HelloWorldIT" tests="3" skipped="0" failures="0" errors="0" timestamp="2022-08-30T11:54:24" hostname="Steins-MacBook-Pro.local" time="0.141">
  <properties/>
  <testcase name="shouldReciveHelloWorldBean()" classname="com.steinko.reactsprinboottutorial.RestfulWebService.HelloWorldIT" time="0.08"/>
  <testcase name="shouldReciveHelloWorld()" classname="com.steinko.reactsprinboottutorial.RestfulWebService.HelloWorldIT" time="0.036"/>
  <testcase name="shouldReciveHelloWorldStein()" classname="com.steinko.reactsprinboottutorial.RestfulWebService.HelloWorldIT" time="0.016"/>
  <system-out><![CDATA[2022-08-30 13:54:22.871  INFO 87662 --- [    Test worker] .b.t.a.w.s.WebMvcTestContextBootstrapper : Neither @ContextConfiguration nor @ContextHierarchy found for test class [com.steinko.reactsprinboottutorial.RestfulWebService.HelloWorldIT], using SpringBootContextLoader [:] 
 2022-08-30 13:54:22.874  INFO 87662 --- [    Test worker] o.s.t.c.support.AbstractContextLoader    : Could not detect default resource locations for test class [com.steinko.reactsprinboottutorial.RestfulWebService.HelloWorldIT]: no resource found for suffixes {-context.xml, Context.groovy}. [:] 
 2022-08-30 13:54:22.875  INFO 87662 --- [    Test worker] t.c.s.AnnotationConfigContextLoaderUtils : Could not detect default configuration classes for test class [com.steinko.reactsprinboottutorial.RestfulWebService.HelloWorldIT]: HelloWorldIT does not declare any static, non-private, non-final, nested classes annotated with @Configuration. [:] 
 2022-08-30 13:54:22.918  INFO 87662 --- [    Test worker] .b.t.c.SpringBootTestContextBootstrapper : Found @SpringBootConfiguration com.steinko.reactsprinboottutorial.WebService for test class com.steinko.reactsprinboottutorial.RestfulWebService.HelloWorldIT [:] 
 2022-08-30 13:54:22.920  INFO 87662 --- [    Test worker] .b.t.a.w.s.WebMvcTestContextBootstrapper : Loaded default TestExecutionListener class names from location [META-INF/spring.factories]: [org.springframework.boot.test.autoconfigure.restdocs.RestDocsTestExecutionListener, org.springframework.boot.test.autoconfigure.web.client.MockRestServiceServerResetTestExecutionListener, org.springframework.boot.test.autoconfigure.web.servlet.MockMvcPrintOnlyOnFailureTestExecutionListener, org.springframework.boot.test.autoconfigure.web.servlet.WebDriverTestExecutionListener, org.springframework.boot.test.autoconfigure.webservices.client.MockWebServiceServerTestExecutionListener, org.springframework.boot.test.mock.mockito.MockitoTestExecutionListener, org.springframework.boot.test.mock.mockito.ResetMocksTestExecutionListener, org.springframework.test.context.web.ServletTestExecutionListener, org.springframework.test.context.support.DirtiesContextBeforeModesTestExecutionListener, org.springframework.test.context.support.DependencyInjectionTestExecutionListener, org.springframework.test.context.support.DirtiesContextTestExecutionListener, org.springframework.test.context.transaction.TransactionalTestExecutionListener, org.springframework.test.context.jdbc.SqlScriptsTestExecutionListener, org.springframework.test.context.event.EventPublishingTestExecutionListener] [:] 
 2022-08-30 13:54:22.920  INFO 87662 --- [    Test worker] .b.t.a.w.s.WebMvcTestContextBootstrapper : Using TestExecutionListeners: [org.springframework.test.context.web.ServletTestExecutionListener@24146e78, org.springframework.test.context.support.DirtiesContextBeforeModesTestExecutionListener@34b7283d, org.springframework.boot.test.mock.mockito.MockitoTestExecutionListener@728bad40, org.springframework.boot.test.autoconfigure.SpringBootDependencyInjectionTestExecutionListener@40b2598, org.springframework.test.context.support.DirtiesContextTestExecutionListener@36beccf, org.springframework.test.context.transaction.TransactionalTestExecutionListener@e10da5f, org.springframework.test.context.jdbc.SqlScriptsTestExecutionListener@21de8770, org.springframework.test.context.event.EventPublishingTestExecutionListener@7ca45136, org.springframework.boot.test.autoconfigure.restdocs.RestDocsTestExecutionListener@20f5d7f9, org.springframework.boot.test.autoconfigure.web.client.MockRestServiceServerResetTestExecutionListener@283f239a, org.springframework.boot.test.autoconfigure.web.servlet.MockMvcPrintOnlyOnFailureTestExecutionListener@7d8fd4ea, org.springframework.boot.test.autoconfigure.web.servlet.WebDriverTestExecutionListener@237c078c, org.springframework.boot.test.autoconfigure.webservices.client.MockWebServiceServerTestExecutionListener@2d385605, org.springframework.boot.test.mock.mockito.ResetMocksTestExecutionListener@7c4a83cb] [:] 
 
  .   ____          _            __ _ _
 /\\ / ___'_ __ _ _(_)_ __  __ _ \ \ \ \
( ( )\___ | '_ | '_| | '_ \/ _` | \ \ \ \
 \\/  ___)| |_)| | | | | || (_| |  ) ) ) )
  '  |____| .__|_| |_|_| |_\__, | / / / /
 =========|_|==============|___/=/_/_/_/
 :: Spring Boot ::        (v2.3.3.RELEASE)

2022-08-30 13:54:23.202  INFO 87662 --- [    Test worker] c.s.r.RestfulWebService.HelloWorldIT     : Starting HelloWorldIT on Steins-MacBook-Pro.local with PID 87662 (started by steinko in /Users/steinko/development/todo/todofrontend/backend) [:] 
 2022-08-30 13:54:23.206  INFO 87662 --- [    Test worker] c.s.r.RestfulWebService.HelloWorldIT     : The following profiles are active: dev [:] 
 2022-08-30 13:54:23.238 DEBUG 87662 --- [    Test worker] o.s.w.c.s.GenericWebApplicationContext   : Refreshing org.springframework.web.context.support.GenericWebApplicationContext@34dfc4bf [:] 
 2022-08-30 13:54:24.457  INFO 87662 --- [    Test worker] o.s.s.concurrent.ThreadPoolTaskExecutor  : Initializing ExecutorService 'applicationTaskExecutor' [:] 
 2022-08-30 13:54:24.481 DEBUG 87662 --- [    Test worker] s.w.s.m.m.a.RequestMappingHandlerAdapter : ControllerAdvice beans: 0 @ModelAttribute, 0 @InitBinder, 1 RequestBodyAdvice, 1 ResponseBodyAdvice [:] 
 2022-08-30 13:54:24.539 DEBUG 87662 --- [    Test worker] s.w.s.m.m.a.RequestMappingHandlerMapping : 5 mappings in 'requestMappingHandlerMapping' [:] 
 2022-08-30 13:54:24.605 DEBUG 87662 --- [    Test worker] o.s.w.s.handler.SimpleUrlHandlerMapping  : Patterns [/webjars/**, /**] in 'resourceHandlerMapping' [:] 
 2022-08-30 13:54:24.628 DEBUG 87662 --- [    Test worker] .m.m.a.ExceptionHandlerExceptionResolver : ControllerAdvice beans: 1 @ExceptionHandler, 1 ResponseBodyAdvice [:] 
 2022-08-30 13:54:24.701 DEBUG 87662 --- [    Test worker] o.s.b.w.s.ServletContextInitializerBeans : Mapping filters: formContentFilter urls=[/*] order=-9900, requestContextFilter urls=[/*] order=-105 [:] 
 2022-08-30 13:54:24.702 DEBUG 87662 --- [    Test worker] o.s.b.w.s.ServletContextInitializerBeans : Mapping servlets:  [:] 
 2022-08-30 13:54:24.720  INFO 87662 --- [    Test worker] o.s.b.t.m.w.SpringBootMockServletContext : Initializing Spring TestDispatcherServlet '' [:] 
 2022-08-30 13:54:24.720  INFO 87662 --- [    Test worker] o.s.t.web.servlet.TestDispatcherServlet  : Initializing Servlet '' [:] 
 2022-08-30 13:54:24.723  INFO 87662 --- [    Test worker] o.s.t.web.servlet.TestDispatcherServlet  : Completed initialization in 3 ms [:] 
 2022-08-30 13:54:24.753  INFO 87662 --- [    Test worker] c.s.r.RestfulWebService.HelloWorldIT     : Started HelloWorldIT in 1.82 seconds (JVM running for 29.633) [:] 
 2022-08-30 13:54:24.803 DEBUG 87662 --- [    Test worker] s.w.s.m.m.a.RequestMappingHandlerMapping : Mapped to com.steinko.reactsprinboottutorial.RestfulWebService.HelloWorldController#helloWorldBean() [:] 
 2022-08-30 13:54:24.804  INFO 87662 --- [    Test worker] c.s.r.R.HelloWorldController             : Hello World Bean [:] 
 2022-08-30 13:54:24.819 DEBUG 87662 --- [    Test worker] m.m.a.RequestResponseBodyMethodProcessor : Using 'application/json', given [*/*] and supported [application/json, application/*+json, application/json, application/*+json] [:] 
 2022-08-30 13:54:24.820 DEBUG 87662 --- [    Test worker] m.m.a.RequestResponseBodyMethodProcessor : Writing [HelloWorldBean [message=Hello World Bean]] [:] 
 2022-08-30 13:54:24.875 DEBUG 87662 --- [    Test worker] s.w.s.m.m.a.RequestMappingHandlerMapping : Mapped to com.steinko.reactsprinboottutorial.RestfulWebService.HelloWorldController#helloWorld() [:] 
 2022-08-30 13:54:24.877  INFO 87662 --- [    Test worker] c.s.r.R.HelloWorldController             : Hello World [:] 
 2022-08-30 13:54:24.878 DEBUG 87662 --- [    Test worker] m.m.a.RequestResponseBodyMethodProcessor : Using 'text/plain', given [*/*] and supported [text/plain, */*, text/plain, */*, application/json, application/*+json, application/json, application/*+json] [:] 
 2022-08-30 13:54:24.878 DEBUG 87662 --- [    Test worker] m.m.a.RequestResponseBodyMethodProcessor : Writing ["Hello World"] [:] 
 2022-08-30 13:54:24.911 DEBUG 87662 --- [    Test worker] s.w.s.m.m.a.RequestMappingHandlerMapping : Mapped to com.steinko.reactsprinboottutorial.RestfulWebService.HelloWorldController#helloWorldPathVariable(String) [:] 
 2022-08-30 13:54:24.915  INFO 87662 --- [    Test worker] c.s.r.R.HelloWorldController             : Hello World Path Variable [:] 
 2022-08-30 13:54:24.915  INFO 87662 --- [    Test worker] c.s.r.R.HelloWorldController             : Stein [:] 
 2022-08-30 13:54:24.917 DEBUG 87662 --- [    Test worker] m.m.a.RequestResponseBodyMethodProcessor : Using 'application/json', given [*/*] and supported [application/json, application/*+json, application/json, application/*+json] [:] 
 2022-08-30 13:54:24.919 DEBUG 87662 --- [    Test worker] m.m.a.RequestResponseBodyMethodProcessor : Writing [HelloWorldBean [message=Hello World , Stein]] [:] 
 ]]></system-out>
  <system-err><![CDATA[]]></system-err>
</testsuite>
